
=== Fri Jun 10 12:34:19 2022

Packages were changed.
Update Mode: mergeDefaultDependencies

The following packages were 追加済:
  com.unity.ide.rider@3.0.14
  com.unity.ide.visualstudio@2.0.15
  com.unity.ide.vscode@1.2.5
  com.unity.modules.ai@1.0.0
  com.unity.modules.androidjni@1.0.0
  com.unity.modules.animation@1.0.0
  com.unity.modules.assetbundle@1.0.0
  com.unity.modules.audio@1.0.0
  com.unity.modules.cloth@1.0.0
  com.unity.modules.director@1.0.0
  com.unity.modules.imageconversion@1.0.0
  com.unity.modules.imgui@1.0.0
  com.unity.modules.jsonserialize@1.0.0
  com.unity.modules.particlesystem@1.0.0
  com.unity.modules.physics@1.0.0
  com.unity.modules.physics2d@1.0.0
  com.unity.modules.screencapture@1.0.0
  com.unity.modules.terrain@1.0.0
  com.unity.modules.terrainphysics@1.0.0
  com.unity.modules.tilemap@1.0.0
  com.unity.modules.ui@1.0.0
  com.unity.modules.uielements@1.0.0
  com.unity.modules.umbra@1.0.0
  com.unity.modules.unityanalytics@1.0.0
  com.unity.modules.unitywebrequest@1.0.0
  com.unity.modules.unitywebrequestassetbundle@1.0.0
  com.unity.modules.unitywebrequestaudio@1.0.0
  com.unity.modules.unitywebrequesttexture@1.0.0
  com.unity.modules.unitywebrequestwww@1.0.0
  com.unity.modules.vehicles@1.0.0
  com.unity.modules.video@1.0.0
  com.unity.modules.vr@1.0.0
  com.unity.modules.wind@1.0.0
  com.unity.modules.xr@1.0.0
  com.unity.test-framework@1.1.31
  com.unity.visualscripting@1.7.8
The following packages were 更新済:
  com.unity.collab-proxy をバージョン 1.13.5 から 1.15.17 へ
  com.unity.timeline をバージョン 1.6.2 から 1.6.4 へ

=== Thu Jun 23 22:23:45 2022

Packages were changed.
Update Mode: updateDependencies

The following packages were 更新済:
  com.unity.collab-proxy をバージョン 1.15.17 から 1.15.18 へ
  com.unity.timeline をバージョン 1.6.4 から 1.7.1 へ

=== Thu Jul 28 10:45:09 2022

Packages were changed.
Update Mode: updateDependencies

The following packages were 更新済:
  com.unity.collab-proxy をバージョン 1.15.18 から 1.17.1 へ

=== Thu Aug 10 22:42:03 2023

Packages were changed.
Update Mode: updateDependencies

The following packages were 追加済:
  com.unity.ai.navigation@1.1.4
The following packages were 更新済:
  com.unity.collab-proxy をバージョン 1.17.2 から 2.0.5 へ
  com.unity.feature.development をバージョン 1.0.1 から 1.0.2 へ
  com.unity.ide.rider をバージョン 3.0.15 から 3.0.24 へ
  com.unity.ide.visualstudio をバージョン 2.0.16 から 2.0.18 へ
  com.unity.test-framework をバージョン 1.1.33 から 1.3.7 へ
  com.unity.timeline をバージョン 1.7.1 から 1.8.2 へ
  com.unity.visualscripting をバージョン 1.7.8 から 1.8.0 へ

=== Mon Oct 23 23:07:48 2023

Packages were changed.
Update Mode: updateDependencies

The following packages were 更新済:
  com.unity.ai.navigation をバージョン 1.1.4 から 1.1.5 へ
  com.unity.collab-proxy をバージョン 2.0.7 から 2.1.0 へ
  com.unity.ide.rider をバージョン 3.0.24 から 3.0.25 へ
  com.unity.ide.visualstudio をバージョン 2.0.20 から 2.0.21 へ
  com.unity.test-framework をバージョン 1.3.8 から 1.3.9 へ

=== Wed Oct 25 21:50:53 2023

Packages were changed.
Update Mode: updateDependencies

The following packages were 追加済:
  com.unity.2d.sprite@1.0.0
  com.unity.2d.tilemap@1.0.0
  com.unity.ads@4.4.2
  com.unity.analytics@3.8.1
  com.unity.purchasing@4.9.3
  com.unity.xr.legacyinputhelpers@2.1.10
